<?xml version="1.0" encoding="UTF-8"?>
<!-- Generated by org.testng.reporters.JUnitReportReporter -->
<testsuite hostname="LTIN-APLCJFXXP60KJ" failures="0" tests="1" name="com.cdw.Scenario3.Testables" time="0.129" errors="0" timestamp="2024-05-18T11:03:08 IST" skipped="0">
  <testcase classname="com.cdw.Scenario3.Testables" name="test" time="0.129"/>
</testsuite> <!-- com.cdw.Scenario3.Testables -->
