<?xml version="1.0" encoding="UTF-8"?>
<!-- Generated by org.testng.reporters.JUnitReportReporter -->
<testsuite hostname="LTIN-APLCJFXXP60KJ" failures="0" tests="1" name="Scenario2.EdgeDriverTestableScenario2" time="12.827" errors="0" timestamp="2024-05-18T18:13:58 IST" skipped="0">
  <testcase classname="Scenario2.EdgeDriverTestableScenario2" name="action" time="12.827"/>
  <system-out>
    <![CDATA[Successfully Checked Stock Availability
Successfully Placed the Order]]>
  </system-out>
</testsuite> <!-- Scenario2.EdgeDriverTestableScenario2 -->
