<?xml version="1.0" encoding="UTF-8"?>
<!-- Generated by org.testng.reporters.JUnitReportReporter -->
<testsuite hostname="LTIN-APLCJFXXP60KJ" failures="0" tests="1" name="Scenario2.FireFoxTestableScenario2" time="12.991" errors="0" timestamp="2024-05-18T10:20:32 IST" skipped="0">
  <testcase classname="Scenario2.FireFoxTestableScenario2" name="action" time="12.991"/>
</testsuite> <!-- Scenario2.FireFoxTestableScenario2 -->
