<?xml version="1.0" encoding="UTF-8"?>
<!-- Generated by org.testng.reporters.JUnitReportReporter -->
<testsuite hostname="LTIN-APLCJFXXP60KJ" failures="0" tests="1" name="com.cdw.Scenario3.ChromeTestables" time="0.288" errors="0" timestamp="2024-05-18T16:37:59 IST" skipped="0">
  <testcase classname="com.cdw.Scenario3.ChromeTestables" name="test" time="0.288"/>
</testsuite> <!-- com.cdw.Scenario3.ChromeTestables -->
