<?xml version="1.0" encoding="UTF-8"?>
<!-- Generated by org.testng.reporters.JUnitReportReporter -->
<testsuite hostname="LTIN-APLCJFXXP60KJ" failures="0" tests="1" name="Scenario2.TestableScenario2" time="12.740" errors="0" timestamp="2024-05-18T10:01:09 IST" skipped="0">
  <testcase classname="Scenario2.TestableScenario2" name="action" time="12.740"/>
</testsuite> <!-- Scenario2.TestableScenario2 -->
