<?xml version="1.0" encoding="UTF-8"?>
<!-- Generated by org.testng.reporters.JUnitReportReporter -->
<testsuite hostname="LTIN-APLCJFXXP60KJ" failures="0" tests="1" name="com.cdw.Assignment.LoginAuthenticationUsingFireFox" time="1.082" errors="0" timestamp="2024-05-18T18:09:45 IST" skipped="0">
  <testcase classname="com.cdw.Assignment.LoginAuthenticationUsingFireFox" name="loginToSite" time="1.082">
    <system-out>
      <![CDATA[Successfully Logged in]]>
    </system-out>
  </testcase> <!-- loginToSite -->
  <system-out>
    <![CDATA[Successfully Logged in
Successfully Logged in]]>
  </system-out>
</testsuite> <!-- com.cdw.Assignment.LoginAuthenticationUsingFireFox -->
