<?xml version="1.0" encoding="UTF-8"?>
<!-- Generated by org.testng.reporters.JUnitReportReporter -->
<testsuite hostname="LTIN-APLCJFXXP60KJ" failures="0" tests="1" name="Test_Scenarios.Authentication" time="0.573" errors="0" timestamp="2024-05-15T22:38:12 IST" skipped="0">
  <testcase classname="Test_Scenarios.Authentication" name="loginToSite" time="0.573"/>
</testsuite> <!-- Test_Scenarios.Authentication -->
